<?xml version="1.0" encoding="UTF-8"?>
<!-- Generated by org.testng.reporters.JUnitXMLReporter -->
<testsuite ignored="0" hostname="1fc3920c4a0350d" failures="0" tests="9" name="suite_example" time="0.132" errors="0" timestamp="2023-03-30T16:53:13 IST">
  <testcase classname="com.ust.test.NewTest" name="f" time="0.009"/>
  <testcase classname="com.ust.test.NewTest" name="g" time="0.001"/>
  <testcase classname="com.ust.test.NewTest" name="a" time="0.003"/>
  <testcase classname="com.ust.test.NewTest2" name="f" time="0.002"/>
  <testcase classname="com.ust.test.NewTest2" name="g" time="0.005"/>
  <testcase classname="com.ust.test.NewTest2" name="a" time="0.002"/>
  <testcase classname="com.ust.test.NewTest3" name="f" time="0.002"/>
  <testcase classname="com.ust.test.NewTest3" name="g" time="0.005"/>
  <testcase classname="com.ust.test.NewTest3" name="a" time="0.001"/>
</testsuite> <!-- suite_example -->
