<?xml version="1.0" encoding="UTF-8"?>
<!-- Generated by org.testng.reporters.JUnitXMLReporter -->
<testsuite ignored="0" hostname="1fc3920c4a0350d" failures="0" tests="3" name="Default test" time="0.08" errors="0" timestamp="2023-03-30T12:47:09 IST">
  <testcase classname="com.ust.test.NewTest" name="f" time="0.008"/>
  <testcase classname="com.ust.test.NewTest" name="g" time="0.002"/>
  <testcase classname="com.ust.test.NewTest" name="a" time="0.004"/>
</testsuite> <!-- Default test -->
